<?xml version="1.0" encoding="UTF-8"?>
<testsuite name="com.twnp.bootcamp.metric.DistanceTest" tests="1" skipped="0" failures="0" errors="0" timestamp="2021-08-04T16:48:59" hostname="Navals-MacBook-Pro.local" time="0.016">
  <properties/>
  <testcase name="shouldBeSameGivenOneMeterAndOneMeter()" classname="com.twnp.bootcamp.metric.DistanceTest" time="0.016"/>
  <system-out><![CDATA[]]></system-out>
  <system-err><![CDATA[]]></system-err>
</testsuite>
