<?xml version="1.0" encoding="UTF-8"?>
<testsuite name="com.twnp.bootcamp.metric.WeightTest" tests="5" skipped="0" failures="0" errors="0" timestamp="2021-08-04T20:03:57" hostname="Navals-MacBook-Pro.local" time="0.009">
  <properties/>
  <testcase name="shouldBeSameGivenOneKiloGramAndOneThousandGrams()" classname="com.twnp.bootcamp.metric.WeightTest" time="0.001"/>
  <testcase name="shouldBeSameGivenFiveHundredCentimetersAndDecimalFiveDecameter()" classname="com.twnp.bootcamp.metric.WeightTest" time="0.0"/>
  <testcase name="shouldBeSameGivenOneGramAndOneGram()" classname="com.twnp.bootcamp.metric.WeightTest" time="0.001"/>
  <testcase name="shouldBeSevenKiloGramsWhenTwoKiloGramsAddedToFiveHundredDecaGrams()" classname="com.twnp.bootcamp.metric.WeightTest" time="0.002"/>
  <testcase name="shouldNotBeSameGivenOneKiloGramAndOneKiloMeter()" classname="com.twnp.bootcamp.metric.WeightTest" time="0.001"/>
  <system-out><![CDATA[7.000
]]></system-out>
  <system-err><![CDATA[]]></system-err>
</testsuite>
