<?xml version="1.0" encoding="UTF-8"?>
<testsuite name="com.twnp.bootcamp.metric.DistanceTest" tests="4" skipped="0" failures="0" errors="0" timestamp="2021-08-04T20:03:57" hostname="Navals-MacBook-Pro.local" time="0.017">
  <properties/>
  <testcase name="shouldBeSameGivenOneKiloMeterAndOneThousandMeters()" classname="com.twnp.bootcamp.metric.DistanceTest" time="0.015"/>
  <testcase name="shouldBeOnePointFiveKiloMeterWhenOneKiloMeterAddedToFiveHundredMeters()" classname="com.twnp.bootcamp.metric.DistanceTest" time="0.001"/>
  <testcase name="shouldBeSameGivenOneMeterAndOneMeter()" classname="com.twnp.bootcamp.metric.DistanceTest" time="0.0"/>
  <testcase name="shouldBeSameGivenFiveHundredCentimetersAndDecimalFiveDecameter()" classname="com.twnp.bootcamp.metric.DistanceTest" time="0.0"/>
  <system-out><![CDATA[]]></system-out>
  <system-err><![CDATA[]]></system-err>
</testsuite>
